<?xml version="1.0" encoding="UTF-8" ?>
<testsuite tests="1" failures="0" name="test.MVCTest" time="0.422" errors="1" skipped="0">
  <properties>
[...]
</properties>
  <testcase classname="test.MVCTest" name="testPage" time="0.422">
    <error type="java.lang.NullPointerException">java.lang.NullPointerException
	at test.MVCTest.testPage(MVCTest.java:51)
	at sun.reflect.NativeMethodAccessorImpl.invoke0(Native Method)
	at sun.reflect.NativeMethodAccessorImpl.invoke(NativeMethodAccessorImpl.java:62)
	at sun.reflect.DelegatingMethodAccessorImpl.invoke(DelegatingMethodAccessorImpl.java:43)
	at java.lang.reflect.Method.invoke(Method.java:498)
	at org.junit.runners.model.FrameworkMethod$1.runReflectiveCall(FrameworkMethod.java:50)
	at org.junit.internal.runners.model.ReflectiveCallable.run(ReflectiveCallable.java:12)
	at org.junit.runners.model.FrameworkMethod.invokeExplosively(FrameworkMethod.java:47)
	at org.junit.internal.runners.statements.InvokeMethod.evaluate(InvokeMethod.java:17)
	at org.junit.internal.runners.statements.RunBefores.evaluate(RunBefores.java:26)
	at org.springframework.test.context.junit4.statements.RunBeforeTestMethodCallbacks.evaluate(RunBeforeTestMethodCallbacks.java:75)
	at org.springframework.test.context.junit4.statements.RunAfterTestMethodCallbacks.evaluate(RunAfterTestMethodCallbacks.java:86)
	at org.springframework.test.context.junit4.statements.SpringRepeat.evaluate(SpringRepeat.java:84)
	at org.junit.runners.ParentRunner.runLeaf(ParentRunner.java:325)
	at org.springframework.test.context.junit4.SpringJUnit4ClassRunner.runChild(SpringJUnit4ClassRunner.java:252)
	at org.springframework.test.context.junit4.SpringJUnit4ClassRunner.runChild(SpringJUnit4ClassRunner.java:94)
	at org.junit.runners.ParentRunner$3.run(ParentRunner.java:290)
	at org.junit.runners.ParentRunner$1.schedule(ParentRunner.java:71)
	at org.junit.runners.ParentRunner.runChildren(ParentRunner.java:288)
	at org.junit.runners.ParentRunner.access$000(ParentRunner.java:58)
	at org.junit.runners.ParentRunner$2.evaluate(ParentRunner.java:268)
	at org.springframework.test.context.junit4.statements.RunBeforeTestClassCallbacks.evaluate(RunBeforeTestClassCallbacks.java:61)
	at org.springframework.test.context.junit4.statements.RunAfterTestClassCallbacks.evaluate(RunAfterTestClassCallbacks.java:70)
	at org.junit.runners.ParentRunner.run(ParentRunner.java:363)
	at org.springframework.test.context.junit4.SpringJUnit4ClassRunner.run(SpringJUnit4ClassRunner.java:191)
	at org.apache.maven.surefire.junit4.JUnit4Provider.execute(JUnit4Provider.java:252)
	at org.apache.maven.surefire.junit4.JUnit4Provider.executeTestSet(JUnit4Provider.java:141)
	at org.apache.maven.surefire.junit4.JUnit4Provider.invoke(JUnit4Provider.java:112)
	at sun.reflect.NativeMethodAccessorImpl.invoke0(Native Method)
	at sun.reflect.NativeMethodAccessorImpl.invoke(NativeMethodAccessorImpl.java:62)
	at sun.reflect.DelegatingMethodAccessorImpl.invoke(DelegatingMethodAccessorImpl.java:43)
	at java.lang.reflect.Method.invoke(Method.java:498)
	at org.apache.maven.surefire.util.ReflectionUtils.invokeMethodWithArray(ReflectionUtils.java:189)
	at org.apache.maven.surefire.booter.ProviderFactory$ProviderProxy.invoke(ProviderFactory.java:165)
	at org.apache.maven.surefire.booter.ProviderFactory.invokeProvider(ProviderFactory.java:85)
	at org.apache.maven.surefire.booter.ForkedBooter.runSuitesInProcess(ForkedBooter.java:115)
	at org.apache.maven.surefire.booter.ForkedBooter.main(ForkedBooter.java:75)
</error>
    <system-err>���� 21, 2022 12:30:52 ���� org.springframework.test.context.web.WebTestContextBootstrapper getDefaultTestExecutionListenerClassNames
��Ϣ: Loaded default TestExecutionListener class names from location [META-INF/spring.factories]: [org.springframework.test.context.web.ServletTestExecutionListener, org.springframework.test.context.support.DirtiesContextBeforeModesTestExecutionListener, org.springframework.test.context.support.DependencyInjectionTestExecutionListener, org.springframework.test.context.support.DirtiesContextTestExecutionListener, org.springframework.test.context.transaction.TransactionalTestExecutionListener, org.springframework.test.context.jdbc.SqlScriptsTestExecutionListener]
���� 21, 2022 12:30:52 ���� org.springframework.test.context.web.WebTestContextBootstrapper getTestExecutionListeners
��Ϣ: Using TestExecutionListeners: [org.springframework.test.context.web.ServletTestExecutionListener@28d25987, org.springframework.test.context.support.DirtiesContextBeforeModesTestExecutionListener@4501b7af, org.springframework.test.context.support.DependencyInjectionTestExecutionListener@523884b2, org.springframework.test.context.support.DirtiesContextTestExecutionListener@5b275dab, org.springframework.test.context.transaction.TransactionalTestExecutionListener@61832929, org.springframework.test.context.jdbc.SqlScriptsTestExecutionListener@29774679]
���� 21, 2022 12:30:52 ���� org.springframework.beans.factory.xml.XmlBeanDefinitionReader loadBeanDefinitions
��Ϣ: Loading XML bean definitions from class path resource [spring.xml]
���� 21, 2022 12:30:52 ���� org.springframework.beans.factory.xml.XmlBeanDefinitionReader loadBeanDefinitions
��Ϣ: Loading XML bean definitions from class path resource [springMVC.xml]
���� 21, 2022 12:30:52 ���� org.springframework.web.context.support.GenericWebApplicationContext prepareRefresh
��Ϣ: Refreshing org.springframework.web.context.support.GenericWebApplicationContext@25bbe1b6: startup date [Thu Apr 21 00:30:52 CST 2022]; root of context hierarchy
���� 21, 2022 12:30:53 ���� com.mchange.v2.log.MLog 
��Ϣ: MLog clients using java 1.4+ standard logging.
���� 21, 2022 12:30:53 ���� com.mchange.v2.c3p0.C3P0Registry 
��Ϣ: Initializing c3p0-0.9.5.2 [built 08-December-2015 22:06:04 -0800; debug? true; trace: 10]
���� 21, 2022 12:30:54 ���� org.springframework.web.servlet.handler.SimpleUrlHandlerMapping registerHandler
��Ϣ: Mapped URL path [/**] onto handler &apos;org.springframework.web.servlet.resource.DefaultServletHttpRequestHandler#0&apos;
���� 21, 2022 12:30:54 ���� org.springframework.web.servlet.mvc.method.annotation.RequestMappingHandlerMapping register
��Ϣ: Mapped &quot;{[/depts],methods=[GET]}&quot; onto public ssm_crud.bean.Message ssm_crud.controller.DepartmentController.getDepts()
���� 21, 2022 12:30:54 ���� org.springframework.web.servlet.mvc.method.annotation.RequestMappingHandlerMapping register
��Ϣ: Mapped &quot;{[/emps/{empId}],methods=[PUT]}&quot; onto public ssm_crud.bean.Message ssm_crud.controller.EmployeeController.updateEmp(ssm_crud.bean.Employee)
���� 21, 2022 12:30:54 ���� org.springframework.web.servlet.mvc.method.annotation.RequestMappingHandlerMapping register
��Ϣ: Mapped &quot;{[/emps]}&quot; onto public ssm_crud.bean.Message ssm_crud.controller.EmployeeController.getAllEmp(java.lang.Integer)
���� 21, 2022 12:30:54 ���� org.springframework.web.servlet.mvc.method.annotation.RequestMappingHandlerMapping register
��Ϣ: Mapped &quot;{[/emps],methods=[POST]}&quot; onto public ssm_crud.bean.Message ssm_crud.controller.EmployeeController.addEmp(ssm_crud.bean.Employee,org.springframework.validation.BindingResult)
���� 21, 2022 12:30:54 ���� org.springframework.web.servlet.mvc.method.annotation.RequestMappingHandlerMapping register
��Ϣ: Mapped &quot;{[/emps/{id}],methods=[DELETE]}&quot; onto public ssm_crud.bean.Message ssm_crud.controller.EmployeeController.deleteEmp(java.lang.Integer)
���� 21, 2022 12:30:54 ���� org.springframework.web.servlet.mvc.method.annotation.RequestMappingHandlerMapping register
��Ϣ: Mapped &quot;{[/emps],methods=[DELETE]}&quot; onto public ssm_crud.bean.Message ssm_crud.controller.EmployeeController.deleteEmp(java.lang.String)
���� 21, 2022 12:30:54 ���� org.springframework.web.servlet.mvc.method.annotation.RequestMappingHandlerMapping register
��Ϣ: Mapped &quot;{[/checkEmail],methods=[GET]}&quot; onto public ssm_crud.bean.Message ssm_crud.controller.EmployeeController.checkEmail(java.lang.String)
���� 21, 2022 12:30:54 ���� org.springframework.web.servlet.mvc.method.annotation.RequestMappingHandlerMapping register
��Ϣ: Mapped &quot;{[/emps/{id}],methods=[GET]}&quot; onto public ssm_crud.bean.Message ssm_crud.controller.EmployeeController.getEmp(java.lang.Integer)
���� 21, 2022 12:30:54 ���� org.hibernate.validator.internal.util.Version &lt;clinit&gt;
INFO: HV000001: Hibernate Validator 5.4.1.Final
���� 21, 2022 12:30:54 ���� org.springframework.web.servlet.mvc.method.annotation.RequestMappingHandlerAdapter initControllerAdviceCache
��Ϣ: Looking for @ControllerAdvice: org.springframework.web.context.support.GenericWebApplicationContext@25bbe1b6: startup date [Thu Apr 21 00:30:52 CST 2022]; root of context hierarchy
���� 21, 2022 12:30:54 ���� org.springframework.web.servlet.mvc.method.annotation.RequestMappingHandlerAdapter initControllerAdviceCache
��Ϣ: Looking for @ControllerAdvice: org.springframework.web.context.support.GenericWebApplicationContext@25bbe1b6: startup date [Thu Apr 21 00:30:52 CST 2022]; root of context hierarchy
���� 21, 2022 12:30:54 ���� org.springframework.mock.web.MockServletContext log
��Ϣ: Initializing Spring FrameworkServlet &apos;&apos;
���� 21, 2022 12:30:54 ���� org.springframework.test.web.servlet.TestDispatcherServlet initServletBean
��Ϣ: FrameworkServlet &apos;&apos;: initialization started
���� 21, 2022 12:30:54 ���� org.springframework.test.web.servlet.TestDispatcherServlet initServletBean
��Ϣ: FrameworkServlet &apos;&apos;: initialization completed in 20 ms
���� 21, 2022 12:30:54 ���� com.mchange.v2.c3p0.impl.AbstractPoolBackedDataSource 
��Ϣ: Initializing c3p0 pool... com.mchange.v2.c3p0.ComboPooledDataSource [ acquireIncrement -&gt; 3, acquireRetryAttempts -&gt; 30, acquireRetryDelay -&gt; 1000, autoCommitOnClose -&gt; false, automaticTestTable -&gt; null, breakAfterAcquireFailure -&gt; false, checkoutTimeout -&gt; 0, connectionCustomizerClassName -&gt; null, connectionTesterClassName -&gt; com.mchange.v2.c3p0.impl.DefaultConnectionTester, contextClassLoaderSource -&gt; caller, dataSourceName -&gt; 1hge0ytaojxbagn18zjw7o|6e6f2380, debugUnreturnedConnectionStackTraces -&gt; false, description -&gt; null, driverClass -&gt; com.mysql.cj.jdbc.Driver, extensions -&gt; {}, factoryClassLocation -&gt; null, forceIgnoreUnresolvedTransactions -&gt; false, forceSynchronousCheckins -&gt; false, forceUseNamedDriverClass -&gt; false, identityToken -&gt; 1hge0ytaojxbagn18zjw7o|6e6f2380, idleConnectionTestPeriod -&gt; 0, initialPoolSize -&gt; 3, jdbcUrl -&gt; jdbc:mysql://localhost:3306/ssm_crud?characterEncoding=utf8&amp;useSSL=false&amp;serverTimezone=UTC&amp;rewriteBatchedStatements=true, maxAdministrativeTaskTime -&gt; 0, maxConnectionAge -&gt; 0, maxIdleTime -&gt; 0, maxIdleTimeExcessConnections -&gt; 0, maxPoolSize -&gt; 15, maxStatements -&gt; 0, maxStatementsPerConnection -&gt; 0, minPoolSize -&gt; 3, numHelperThreads -&gt; 3, preferredTestQuery -&gt; null, privilegeSpawnedThreads -&gt; false, properties -&gt; {user=******, password=******}, propertyCycle -&gt; 0, statementCacheNumDeferredCloseThreads -&gt; 0, testConnectionOnCheckin -&gt; false, testConnectionOnCheckout -&gt; false, unreturnedConnectionTimeout -&gt; 0, userOverrides -&gt; {}, usesTraditionalReflectiveProxies -&gt; false ]
</system-err>
  </testcase>
</testsuite>